16:45:31 **** Build of configuration Debug for project Hello ****
make all 
Cannot run program "make": Launching failed

Error: Program "make" not found in PATH
PATH=[C:/Program Files/Java/jre1.8.0_111/bin/server;C:/Program Files/Java/jre1.8.0_111/bin;C:/Program Files/Java/jre1.8.0_111/lib/amd64;C:\Python36\Scripts\;C:\Python36\;C:\Python27\;C:\Python27\Scripts;C:\ProgramData\Oracle\Java\javapath;C:\app\Liu-Da\product\11.2.0\client_1\bin;C:\Program Files\Java\jdk1.8.0_111\bin;C:\windows\system32\;C:\apache-tomcat-8.0.39\lib;C:\apache-tomcat-8.0.39\bin;C:\Python27;C:\Python36;C:\Program Files (x86)\Calibre2\;C:\MinGW\bin;C:\Anaconda3;C:\Anaconda3\Scripts;C:\Anaconda3\Library\bin;C:\Program Files (x86)\Java\jdk1.8.0_101\bin;C:\windows\system32\\bin;C:\windows\system32\:C:\Python27;C:\MinGW\bin;C:\eclipse-cpp-neon-3-win32-x86_64\eclipse]
16:47:25 **** Rebuild of configuration Debug for project test ****
Info: Internal Builder is used for build
g++ -O0 -g3 -Wall -c -fmessage-length=0 -o "src\\test.o" "..\\src\\test.cpp" 
g++ -o test.exe "src\\test.o" 
Info: Nothing to build for test
14:15:43 **** Rebuild of configuration Debug for project Vector_ex1 ****
Info: Internal Builder is used for build
g++ -O0 -g3 -Wall -c -fmessage-length=0 -o "src\\Vector_ex1.o" "..\\src\\Vector_ex1.cpp" 
g++ -o Vector_ex1.exe "src\\Vector_ex1.o" 
14:15:43 **** Incremental Build of configuration Debug for project test ****
Info: Internal Builder is used for build
g++ -O0 -g3 -Wall -c -fmessage-length=0 -o "src\\test.o" "..\\src\\test.cpp" 
g++ -o test.exe "src\\test.o" 
Info: Nothing to build for test
Info: Nothing to build for Vector_ex1
14:18:29 **** Incremental Build of configuration Debug for project Vector_ex1 ****
Info: Internal Builder is used for build
g++ -O0 -g3 -Wall -c -fmessage-length=0 -o "src\\Vector_ex1.o" "..\\src\\Vector_ex1.cpp" 
g++ -o Vector_ex1.exe "src\\Vector_ex1.o" 
14:18:59 **** Incremental Build of configuration Debug for project Vector_ex1 ****
Info: Internal Builder is used for build
g++ -O0 -g3 -Wall -c -fmessage-length=0 -o "src\\Vector_ex1.o" "..\\src\\Vector_ex1.cpp" 
g++ -o Vector_ex1.exe "src\\Vector_ex1.o" 
14:19:34 **** Incremental Build of configuration Debug for project Vector_ex1 ****
Info: Internal Builder is used for build
g++ -O0 -g3 -Wall -c -fmessage-length=0 -o "src\\Vector_ex1.o" "..\\src\\Vector_ex1.cpp" 
g++ -o Vector_ex1.exe "src\\Vector_ex1.o" 
14:20:27 **** Incremental Build of configuration Debug for project Vector_ex1 ****
Info: Internal Builder is used for build
g++ -O0 -g3 -Wall -c -fmessage-length=0 -o "src\\Vector_ex1.o" "..\\src\\Vector_ex1.cpp" 
g++ -o Vector_ex1.exe "src\\Vector_ex1.o" 
14:21:49 **** Incremental Build of configuration Debug for project Vector_ex1 ****
Info: Internal Builder is used for build
g++ -O0 -g3 -Wall -c -fmessage-length=0 -o "src\\Vector_ex1.o" "..\\src\\Vector_ex1.cpp" 
..\src\Vector_ex1.cpp: In function 'int main()':
..\src\Vector_ex1.cpp:25:11: error: no match for 'operator<<' in 'std::cout << v'
..\src\Vector_ex1.cpp:25:11: note: candidates are:
c:\mingw\bin\../lib/gcc/mingw32/4.6.2/include/c++/ostream:110:7: note: std::basic_ostream<_CharT, _Traits>::__ostream_type& std::basic_ostream<_CharT, _Traits>::operator<<(std::basic_ostream<_CharT, _Traits>::__ostream_type& (*)(std::basic_ostream<_CharT, _Traits>::__ostream_type&)) [with _CharT = char, _Traits = std::char_traits<char>, std::basic_ostream<_CharT, _Traits>::__ostream_type = std::basic_ostream<char>]
c:\mingw\bin\../lib/gcc/mingw32/4.6.2/include/c++/ostream:110:7: note:   no known conversion for argument 1 from 'std::vector<int>' to 'std::basic_ostream<char>::__ostream_type& (*)(std::basic_ostream<char>::__ostream_type&) {aka std::basic_ostream<char>& (*)(std::basic_ostream<char>&)}'
c:\mingw\bin\../lib/gcc/mingw32/4.6.2/include/c++/ostream:119:7: note: std::basic_ostream<_CharT, _Traits>::__ostream_type& std::basic_ostream<_CharT, _Traits>::operator<<(std::basic_ostream<_CharT, _Traits>::__ios_type& (*)(std::basic_ostream<_CharT, _Traits>::__ios_type&)) [with _CharT = char, _Traits = std::char_traits<char>, std::basic_ostream<_CharT, _Traits>::__ostream_type = std::basic_ostream<char>, std::basic_ostream<_CharT, _Traits>::__ios_type = std::basic_ios<char>]
c:\mingw\bin\../lib/gcc/mingw32/4.6.2/include/c++/ostream:119:7: note:   no known conversion for argument 1 from 'std::vector<int>' to 'std::basic_ostream<char>::__ios_type& (*)(std::basic_ostream<char>::__ios_type&) {aka std::basic_ios<char>& (*)(std::basic_ios<char>&)}'
c:\mingw\bin\../lib/gcc/mingw32/4.6.2/include/c++/ostream:129:7: note: std::basic_ostream<_CharT, _Traits>::__ostream_type& std::basic_ostream<_CharT, _Traits>::operator<<(std::ios_base& (*)(std::ios_base&)) [with _CharT = char, _Traits = std::char_traits<char>, std::basic_ostream<_CharT, _Traits>::__ostream_type = std::basic_ostream<char>]
c:\mingw\bin\../lib/gcc/mingw32/4.6.2/include/c++/ostream:129:7: note:   no known conversion for argument 1 from 'std::vector<int>' to 'std::ios_base& (*)(std::ios_base&)'
c:\mingw\bin\../lib/gcc/mingw32/4.6.2/include/c++/ostream:167:7: note: std::basic_ostream<_CharT, _Traits>::__ostream_type& std::basic_ostream<_CharT, _Traits>::operator<<(long int) [with _CharT = char, _Traits = std::char_traits<char>, std::basic_ostream<_CharT, _Traits>::__ostream_type = std::basic_ostream<char>]
c:\mingw\bin\../lib/gcc/mingw32/4.6.2/include/c++/ostream:167:7: note:   no known conversion for argument 1 from 'std::vector<int>' to 'long int'
c:\mingw\bin\../lib/gcc/mingw32/4.6.2/include/c++/ostream:171:7: note: std::basic_ostream<_CharT, _Traits>::__ostream_type& std::basic_ostream<_CharT, _Traits>::operator<<(long unsigned int) [with _CharT = char, _Traits = std::char_traits<char>, std::basic_ostream<_CharT, _Traits>::__ostream_type = std::basic_ostream<char>]
c:\mingw\bin\../lib/gcc/mingw32/4.6.2/include/c++/ostream:171:7: note:   no known conversion for argument 1 from 'std::vector<int>' to 'long unsigned int'
c:\mingw\bin\../lib/gcc/mingw32/4.6.2/include/c++/ostream:175:7: note: std::basic_ostream<_CharT, _Traits>::__ostream_type& std::basic_ostream<_CharT, _Traits>::operator<<(bool) [with _CharT = char, _Traits = std::char_traits<char>, std::basic_ostream<_CharT, _Traits>::__ostream_type = std::basic_ostream<char>]
c:\mingw\bin\../lib/gcc/mingw32/4.6.2/include/c++/ostream:175:7: note:   no known conversion for argument 1 from 'std::vector<int>' to 'bool'
c:\mingw\bin\../lib/gcc/mingw32/4.6.2/include/c++/bits/ostream.tcc:93:5: note: std::basic_ostream<_CharT, _Traits>& std::basic_ostream<_CharT, _Traits>::operator<<(short int) [with _CharT = char, _Traits = std::char_traits<char>]
c:\mingw\bin\../lib/gcc/mingw32/4.6.2/include/c++/bits/ostream.tcc:93:5: note:   no known conversion for argument 1 from 'std::vector<int>' to 'short int'
c:\mingw\bin\../lib/gcc/mingw32/4.6.2/include/c++/ostream:182:7: note: std::basic_ostream<_CharT, _Traits>::__ostream_type& std::basic_ostream<_CharT, _Traits>::operator<<(short unsigned int) [with _CharT = char, _Traits = std::char_traits<char>, std::basic_ostream<_CharT, _Traits>::__ostream_type = std::basic_ostream<char>]
c:\mingw\bin\../lib/gcc/mingw32/4.6.2/include/c++/ostream:182:7: note:   no known conversion for argument 1 from 'std::vector<int>' to 'short unsigned int'
c:\mingw\bin\../lib/gcc/mingw32/4.6.2/include/c++/bits/ostream.tcc:107:5: note: std::basic_ostream<_CharT, _Traits>& std::basic_ostream<_CharT, _Traits>::operator<<(int) [with _CharT = char, _Traits = std::char_traits<char>]
c:\mingw\bin\../lib/gcc/mingw32/4.6.2/include/c++/bits/ostream.tcc:107:5: note:   no known conversion for argument 1 from 'std::vector<int>' to 'int'
c:\mingw\bin\../lib/gcc/mingw32/4.6.2/include/c++/ostream:193:7: note: std::basic_ostream<_CharT, _Traits>::__ostream_type& std::basic_ostream<_CharT, _Traits>::operator<<(unsigned int) [with _CharT = char, _Traits = std::char_traits<char>, std::basic_ostream<_CharT, _Traits>::__ostream_type = std::basic_ostream<char>]
c:\mingw\bin\../lib/gcc/mingw32/4.6.2/include/c++/ostream:193:7: note:   no known conversion for argument 1 from 'std::vector<int>' to 'unsigned int'
c:\mingw\bin\../lib/gcc/mingw32/4.6.2/include/c++/ostream:202:7: note: std::basic_ostream<_CharT, _Traits>::__ostream_type& std::basic_ostream<_CharT, _Traits>::operator<<(long long int) [with _CharT = char, _Traits = std::char_traits<char>, std::basic_ostream<_CharT, _Traits>::__ostream_type = std::basic_ostream<char>]
c:\mingw\bin\../lib/gcc/mingw32/4.6.2/include/c++/ostream:202:7: note:   no known conversion for argument 1 from 'std::vector<int>' to 'long long int'
c:\mingw\bin\../lib/gcc/mingw32/4.6.2/include/c++/ostream:206:7: note: std::basic_ostream<_CharT, _Traits>::__ostream_type& std::basic_ostream<_CharT, _Traits>::operator<<(long long unsigned int) [with _CharT = char, _Traits = std::char_traits<char>, std::basic_ostream<_CharT, _Traits>::__ostream_type = std::basic_ostream<char>]
c:\mingw\bin\../lib/gcc/mingw32/4.6.2/include/c++/ostream:206:7: note:   no known conversion for argument 1 from 'std::vector<int>' to 'long long unsigned int'
c:\mingw\bin\../lib/gcc/mingw32/4.6.2/include/c++/ostream:211:7: note: std::basic_ostream<_CharT, _Traits>::__ostream_type& std::basic_ostream<_CharT, _Traits>::operator<<(double) [with _CharT = char, _Traits = std::char_traits<char>, std::basic_ostream<_CharT, _Traits>::__ostream_type = std::basic_ostream<char>]
c:\mingw\bin\../lib/gcc/mingw32/4.6.2/include/c++/ostream:211:7: note:   no known conversion for argument 1 from 'std::vector<int>' to 'double'
c:\mingw\bin\../lib/gcc/mingw32/4.6.2/include/c++/ostream:215:7: note: std::basic_ostream<_CharT, _Traits>::__ostream_type& std::basic_ostream<_CharT, _Traits>::operator<<(float) [with _CharT = char, _Traits = std::char_traits<char>, std::basic_ostream<_CharT, _Traits>::__ostream_type = std::basic_ostream<char>]
c:\mingw\bin\../lib/gcc/mingw32/4.6.2/include/c++/ostream:215:7: note:   no known conversion for argument 1 from 'std::vector<int>' to 'float'
c:\mingw\bin\../lib/gcc/mingw32/4.6.2/include/c++/ostream:223:7: note: std::basic_ostream<_CharT, _Traits>::__ostream_type& std::basic_ostream<_CharT, _Traits>::operator<<(long double) [with _CharT = char, _Traits = std::char_traits<char>, std::basic_ostream<_CharT, _Traits>::__ostream_type = std::basic_ostream<char>]
c:\mingw\bin\../lib/gcc/mingw32/4.6.2/include/c++/ostream:223:7: note:   no known conversion for argument 1 from 'std::vector<int>' to 'long double'
c:\mingw\bin\../lib/gcc/mingw32/4.6.2/include/c++/ostream:227:7: note: std::basic_ostream<_CharT, _Traits>::__ostream_type& std::basic_ostream<_CharT, _Traits>::operator<<(const void*) [with _CharT = char, _Traits = std::char_traits<char>, std::basic_ostream<_CharT, _Traits>::__ostream_type = std::basic_ostream<char>]
c:\mingw\bin\../lib/gcc/mingw32/4.6.2/include/c++/ostream:227:7: note:   no known conversion for argument 1 from 'std::vector<int>' to 'const void*'
c:\mingw\bin\../lib/gcc/mingw32/4.6.2/include/c++/bits/ostream.tcc:121:5: note: std::basic_ostream<_CharT, _Traits>& std::basic_ostream<_CharT, _Traits>::operator<<(std::basic_ostream<_CharT, _Traits>::__streambuf_type*) [with _CharT = char, _Traits = std::char_traits<char>, std::basic_ostream<_CharT, _Traits>::__streambuf_type = std::basic_streambuf<char>]
c:\mingw\bin\../lib/gcc/mingw32/4.6.2/include/c++/bits/ostream.tcc:121:5: note:   no known conversion for argument 1 from 'std::vector<int>' to 'std::basic_ostream<char>::__streambuf_type* {aka std::basic_streambuf<char>*}'
c:\mingw\bin\../lib/gcc/mingw32/4.6.2/include/c++/bits/basic_string.h:2693:5: note: template<class _CharT, class _Traits, class _Alloc> std::basic_ostream<_CharT, _Traits>& std::operator<<(std::basic_ostream<_CharT, _Traits>&, const std::basic_string<_CharT, _Traits, _Alloc>&)
c:\mingw\bin\../lib/gcc/mingw32/4.6.2/include/c++/ostream:451:5: note: template<class _CharT, class _Traits> std::basic_ostream<_CharT, _Traits>& std::operator<<(std::basic_ostream<_CharT, _Traits>&, _CharT)
c:\mingw\bin\../lib/gcc/mingw32/4.6.2/include/c++/ostream:456:5: note: template<class _CharT, class _Traits> std::basic_ostream<_CharT, _Traits>& std::operator<<(std::basic_ostream<_CharT, _Traits>&, char)
c:\mingw\bin\../lib/gcc/mingw32/4.6.2/include/c++/ostream:462:5: note: template<class _Traits> std::basic_ostream<char, _Traits>& std::operator<<(std::basic_ostream<char, _Traits>&, char)
c:\mingw\bin\../lib/gcc/mingw32/4.6.2/include/c++/ostream:468:5: note: template<class _Traits> std::basic_ostream<char, _Traits>& std::operator<<(std::basic_ostream<char, _Traits>&, signed char)
c:\mingw\bin\../lib/gcc/mingw32/4.6.2/include/c++/ostream:473:5: note: template<class _Traits> std::basic_ostream<char, _Traits>& std::operator<<(std::basic_ostream<char, _Traits>&, unsigned char)
c:\mingw\bin\../lib/gcc/mingw32/4.6.2/include/c++/ostream:493:5: note: template<class _CharT, class _Traits> std::basic_ostream<_CharT, _Traits>& std::operator<<(std::basic_ostream<_CharT, _Traits>&, const _CharT*)
c:\mingw\bin\../lib/gcc/mingw32/4.6.2/include/c++/bits/ostream.tcc:323:5: note: template<class _CharT, class _Traits> std::basic_ostream<_CharT, _Traits>& std::operator<<(std::basic_ostream<_CharT, _Traits>&, const char*)
c:\mingw\bin\../lib/gcc/mingw32/4.6.2/include/c++/ostream:510:5: note: template<class _Traits> std::basic_ostream<char, _Traits>& std::operator<<(std::basic_ostream<char, _Traits>&, const char*)
c:\mingw\bin\../lib/gcc/mingw32/4.6.2/include/c++/ostream:523:5: note: template<class _Traits> std::basic_ostream<char, _Traits>& std::operator<<(std::basic_ostream<char, _Traits>&, const signed char*)
c:\mingw\bin\../lib/gcc/mingw32/4.6.2/include/c++/ostream:528:5: note: template<class _Traits> std::basic_ostream<char, _Traits>& std::operator<<(std::basic_ostream<char, _Traits>&, const unsigned char*)
14:22:37 **** Incremental Build of configuration Debug for project Vector_ex1 ****
Info: Internal Builder is used for build
g++ -O0 -g3 -Wall -c -fmessage-length=0 -o "src\\Vector_ex1.o" "..\\src\\Vector_ex1.cpp" 
..\src\Vector_ex1.cpp: In function 'int main()':
..\src\Vector_ex1.cpp:25:26: warning: comparison between signed and unsigned integer expressions [-Wsign-compare]
g++ -o Vector_ex1.exe "src\\Vector_ex1.o" 
14:22:57 **** Incremental Build of configuration Debug for project Vector_ex1 ****
Info: Internal Builder is used for build
g++ -O0 -g3 -Wall -c -fmessage-length=0 -o "src\\Vector_ex1.o" "..\\src\\Vector_ex1.cpp" 
..\src\Vector_ex1.cpp: In function 'int main()':
..\src\Vector_ex1.cpp:25:26: warning: comparison between signed and unsigned integer expressions [-Wsign-compare]
g++ -o Vector_ex1.exe "src\\Vector_ex1.o" 
14:23:06 **** Incremental Build of configuration Debug for project Vector_ex1 ****
Info: Internal Builder is used for build
g++ -O0 -g3 -Wall -c -fmessage-length=0 -o "src\\Vector_ex1.o" "..\\src\\Vector_ex1.cpp" 
..\src\Vector_ex1.cpp: In function 'int main()':
..\src\Vector_ex1.cpp:25:26: warning: comparison between signed and unsigned integer expressions [-Wsign-compare]
g++ -o Vector_ex1.exe "src\\Vector_ex1.o" 
14:23:21 **** Incremental Build of configuration Debug for project Vector_ex1 ****
Info: Internal Builder is used for build
g++ -O0 -g3 -Wall -c -fmessage-length=0 -o "src\\Vector_ex1.o" "..\\src\\Vector_ex1.cpp" 
..\src\Vector_ex1.cpp: In function 'int main()':
..\src\Vector_ex1.cpp:25:26: warning: comparison between signed and unsigned integer expressions [-Wsign-compare]
g++ -o Vector_ex1.exe "src\\Vector_ex1.o" 
13:02:13 **** Incremental Build of configuration Debug for project Vector_ex1 ****
Info: Internal Builder is used for build
g++ -O0 -g3 -Wall -c -fmessage-length=0 -o "src\\Vector_ex1.o" "..\\src\\Vector_ex1.cpp" 
..\src\Vector_ex1.cpp: In function 'int main()':
..\src\Vector_ex1.cpp:25:26: warning: comparison between signed and unsigned integer expressions [-Wsign-compare]
g++ -o Vector_ex1.exe "src\\Vector_ex1.o" 
Info: Nothing to build for test
Info: Nothing to build for Vector_ex1
13:12:10 **** Rebuild of configuration Debug for project bubbleSort ****
Info: Internal Builder is used for build
g++ -O0 -g3 -Wall -c -fmessage-length=0 -o "src\\bubbleSort.o" "..\\src\\bubbleSort.cpp" 
..\src\bubbleSort.cpp: In function 'int main()':
..\src\bubbleSort.cpp:25:26: warning: comparison between signed and unsigned integer expressions [-Wsign-compare]
g++ -o bubbleSort.exe "src\\bubbleSort.o" 
13:14:07 **** Incremental Build of configuration Debug for project bubbleSort ****
Info: Internal Builder is used for build
g++ -O0 -g3 -Wall -c -fmessage-length=0 -o "src\\bubbleSort.o" "..\\src\\bubbleSort.cpp" 
g++ -o bubbleSort.exe "src\\bubbleSort.o" 
Info: Nothing to build for bubbleSort
Info: Nothing to build for bubbleSort
13:27:26 **** Incremental Build of configuration Debug for project bubbleSort ****
Info: Internal Builder is used for build
g++ -O0 -g3 -Wall -c -fmessage-length=0 -o "src\\bubbleSort.o" "..\\src\\bubbleSort.cpp" 
g++ -o bubbleSort.exe "src\\bubbleSort.o" 
14:05:13 **** Rebuild of configuration Debug for project CocktailSort ****
Info: Internal Builder is used for build
g++ -O0 -g3 -Wall -c -fmessage-length=0 -o "src\\CocktailSort.o" "..\\src\\CocktailSort.cpp" 
g++ -o CocktailSort.exe "src\\CocktailSort.o" 
14:05:44 **** Incremental Build of configuration Debug for project CocktailSort ****
Info: Internal Builder is used for build
g++ -O0 -g3 -Wall -c -fmessage-length=0 -o "src\\CocktailSort.o" "..\\src\\CocktailSort.cpp" 
g++ -o CocktailSort.exe "src\\CocktailSort.o" 
14:08:51 **** Rebuild of configuration Debug for project SelectionSort ****
Info: Internal Builder is used for build
g++ -O0 -g3 -Wall -c -fmessage-length=0 -o "src\\SelectionSort.o" "..\\src\\SelectionSort.cpp" 
g++ -o SelectionSort.exe "src\\SelectionSort.o" 
Info: Nothing to build for SelectionSort
Info: Nothing to build for SelectionSort
12:52:10 **** Rebuild of configuration Debug for project InsertionSort ****
Info: Internal Builder is used for build
g++ -O0 -g3 -Wall -c -fmessage-length=0 -o "src\\InsertionSort.o" "..\\src\\InsertionSort.cpp" 
g++ -o InsertionSort.exe "src\\InsertionSort.o" 
Info: Nothing to build for InsertionSort
Info: Nothing to build for InsertionSort
Info: Nothing to build for InsertionSort
Info: Nothing to build for CocktailSort
Info: Nothing to build for InsertionSort
12:56:08 **** Rebuild of configuration Debug for project InsertionSortDichotomy ****
Info: Internal Builder is used for build
g++ -O0 -g3 -Wall -c -fmessage-length=0 -o "src\\InsertionSortDichotomy.o" "..\\src\\InsertionSortDichotomy.cpp" 
g++ -o InsertionSortDichotomy.exe "src\\InsertionSortDichotomy.o" 
12:56:09 **** Incremental Build of configuration Debug for project SelectionSort ****
Info: Internal Builder is used for build
g++ -O0 -g3 -Wall -c -fmessage-length=0 -o "src\\SelectionSort.o" "..\\src\\SelectionSort.cpp" 
g++ -o InsertionSort.exe "src\\SelectionSort.o" 
12:56:09 **** Incremental Build of configuration Debug for project Vector_ex1 ****
Info: Internal Builder is used for build
g++ -O0 -g3 -Wall -c -fmessage-length=0 -o "src\\Vector_ex1.o" "..\\src\\Vector_ex1.cpp" 
..\src\Vector_ex1.cpp: In function 'int main()':
..\src\Vector_ex1.cpp:25:26: warning: comparison between signed and unsigned integer expressions [-Wsign-compare]
g++ -o Vector_ex1.exe "src\\Vector_ex1.o" 
12:56:11 **** Incremental Build of configuration Debug for project bubbleSort ****
Info: Internal Builder is used for build
g++ -O0 -g3 -Wall -c -fmessage-length=0 -o "src\\bubbleSort.o" "..\\src\\bubbleSort.cpp" 
g++ -o bubbleSort.exe "src\\bubbleSort.o" 
Info: Nothing to build for test
12:58:12 **** Incremental Build of configuration Debug for project InsertionSort ****
Info: Internal Builder is used for build
g++ -O0 -g3 -Wall -c -fmessage-length=0 -o "src\\InsertionSort.o" "..\\src\\InsertionSort.cpp" 
g++ -o SelectionSort.exe "src\\InsertionSort.o" 
12:58:21 **** Incremental Build of configuration Debug for project InsertionSort ****
Info: Internal Builder is used for build
g++ -O0 -g3 -Wall -c -fmessage-length=0 -o "src\\InsertionSort.o" "..\\src\\InsertionSort.cpp" 
g++ -o InsertionSort.exe "src\\InsertionSort.o" 
Info: Nothing to build for CocktailSort
14:26:21 **** Rebuild of configuration Debug for project HashSort ****
Info: Internal Builder is used for build
g++ -O0 -g3 -Wall -c -fmessage-length=0 -o "src\\HashSort.o" "..\\src\\HashSort.cpp" 
g++ -o HashSort.exe "src\\HashSort.o" 
Info: Nothing to build for InsertionSort
Info: Nothing to build for InsertionSortDichotomy
Info: Nothing to build for SelectionSort
Info: Nothing to build for Vector_ex1
Info: Nothing to build for bubbleSort
Info: Nothing to build for test
Info: Nothing to build for HashSort
